|2018-05-20 06:15:07|~testing~| Harold#8105: qoincowdncieowqn
|2018-05-20 06:15:08|~testing~| Harold#8105: qodinmqon
|2018-05-20 06:20:14|~testing~| Kcinnad#0582: !clear 50
|2018-05-20 06:20:47|~testing~| Harold#8105: $git
|2018-05-20 06:20:47|~testing~| Dindon-Bot#5257: https://github.com/tibagel/DiscordBot
|2018-05-20 06:21:54|~testing~| Harold#8105: loldocmsdimnckdwonoenc
|2018-05-20 06:21:58|~testing~| Harold#8105: mkwemclowm
|2018-05-20 06:22:07|~testing~| Harold#8105: criss de petit bonnasse
|2018-05-20 06:22:17|~admins~| Harold#8105: bruh
|2018-05-20 06:25:57|~testing~| Kcinnad#0582: !clear
|2018-05-20 06:26:01|~testing~| Kcinnad#0582: !clear 4
|2018-05-20 06:26:53|~testing~| Kcinnad#0582: Pues
|2018-05-20 06:27:00|~testing~| Kcinnad#0582: !clear
|2018-05-20 06:27:02|~testing~| Kcinnad#0582: !clear 1
|2018-05-20 06:27:38|~testing~| Kcinnad#0582: !clear
|2018-05-20 06:27:45|~testing~| Kcinnad#0582: !clear 2
|2018-05-20 06:28:19|~testing~| Kcinnad#0582: !clear 5
|2018-05-20 06:28:37|~testing~| Kcinnad#0582: !clear 3
|2018-05-20 06:28:40|~testing~| Kcinnad#0582: !clear
|2018-05-20 06:29:22|~testing~| Kcinnad#0582: !clear 1
|2018-05-20 06:31:09|~testing~| Kcinnad#0582: !clear 2
|2018-05-20 06:31:40|~testing~| Kcinnad#0582: !clear 5
|2018-05-20 06:32:09|~testing~| Kcinnad#0582: !clear 4
|2018-05-20 06:32:39|~testing~| Harold#8105: $changeGame babo
|2018-05-20 06:34:14|~testing~| Kcinnad#0582: !clear soer
|2018-05-20 06:34:17|~testing~| Kcinnad#0582: !soer 3
|2018-05-20 06:34:24|~testing~| Kcinnad#0582: !clear 3
|2018-05-20 06:34:34|~testing~| Harold#8105: $gamechange 3
|2018-05-20 06:34:56|~testing~| Kcinnad#0582: !clear 3
|2018-05-20 06:36:46|~testing~| Harold#8105: $changeGame babo
|2018-05-20 06:37:27|~testing~| Harold#8105: $changeGame babo
|2018-05-20 06:38:39|~testing~| Kcinnad#0582: !clear 1
|2018-05-20 06:38:45|~testing~| Harold#8105: $changeGame babaodwldk
|2018-05-20 06:41:14|~testing~| Harold#8105: $changeGame fucka
|2018-05-20 06:42:34|~testing~| Kcinnad#0582: !clear 5
|2018-05-20 06:43:13|~testing~| Kcinnad#0582: !clear 4
|2018-05-20 06:44:10|~testing~| Harold#8105: $changeGame babo4
|2018-05-20 06:44:58|~testing~| Kcinnad#0582: !clear 1
|2018-05-20 06:46:08|~testing~| Kcinnad#0582: !clear 1
|2018-05-20 06:46:10|~testing~| Kcinnad#0582: !clear 2
|2018-05-20 06:46:20|~testing~| Harold#8105: $changeGame babo
|2018-05-20 06:47:43|~testing~| Harold#8105: $changeGame babo3
|2018-05-20 06:48:22|~testing~| Harold#8105: $changeGame babo
|2018-05-20 06:49:01|~testing~| Kcinnad#0582: !clear 4
|2018-05-20 06:49:08|~testing~| Kcinnad#0582: !clear 2
|2018-05-20 06:51:25|~testing~| Harold#8105: $changeGame babo
|2018-05-20 06:52:32|~testing~| Harold#8105: $changeGame babo
|2018-05-20 06:56:45|~testing~| Harold#8105: $changeGame babo
|2018-05-20 07:06:55|~testing~| Harold#8105: $prefix l
|2018-05-20 07:06:55|~testing~| Dindon-Bot#5257: bruh$l
|2018-05-20 07:07:00|~testing~| Kcinnad#0582: !clear 2
|2018-05-20 07:07:41|~testing~| Kcinnad#0582: !clear 2
|2018-05-20 07:07:42|~testing~| Gaspésie-Bot#7270: 2messages deleted
|2018-05-20 07:08:09|~testing~| Kcinnad#0582: !clear 2
|2018-05-20 07:08:10|~testing~| Gaspésie-Bot#7270: ** 2** messages deleted
|2018-05-20 07:15:52|~admins~| Kcinnad#0582: !clear 1
|2018-05-20 07:15:52|~admins~| Gaspésie-Bot#7270: ** 1** messages deleted
|2018-05-20 07:17:02|~admins~| Kcinnad#0582: !git
|2018-05-20 07:17:02|~admins~| Gaspésie-Bot#7270: Tiens <@!260903890881347584> https://github.com/kcinnad
|2018-05-20 07:17:12|~testing~| Kcinnad#0582: !git
|2018-05-20 07:17:12|~testing~| Gaspésie-Bot#7270: Tiens <@!260903890881347584> https://github.com/kcinnad
|2018-05-20 07:17:37|~testing~| Kcinnad#0582: !git
|2018-05-20 07:17:37|~testing~| Gaspésie-Bot#7270: Tiens <@!260903890881347584> https://github.com/kcinnad
|2018-05-20 07:17:43|~testing~| Kcinnad#0582: !clear 3
|2018-05-20 07:17:44|~testing~| Gaspésie-Bot#7270: ** 3** messages deleted
|2018-05-20 07:17:46|~testing~| Kcinnad#0582: !git
|2018-05-20 07:17:46|~testing~| Gaspésie-Bot#7270: Tiens <@!260903890881347584> https://github.com/kcinnad
|2018-05-20 07:18:25|~admins~| Kcinnad#0582: !clear 3
|2018-05-20 07:18:25|~admins~| Gaspésie-Bot#7270: ** 3** messages deleted
|2018-05-20 08:16:08|~testing~| Harold#8105: $git
|2018-05-20 08:16:08|~testing~| Dindon-Bot#5257: https://github.com/tibagel/DiscordBot
|2018-05-20 08:16:50|~testing~| Kcinnad#0582: 
|2018-05-20 08:30:26|~testing~| Harold#8105: $prefix .
|2018-05-20 08:30:34|~testing~| Harold#8105: .git
|2018-05-20 08:31:09|~testing~| Harold#8105: $git
|2018-05-20 08:31:09|~testing~| Dindon-Bot#5257: https://github.com/tibagel/DiscordBot
|2018-05-20 08:31:29|~testing~| Harold#8105: $prefix a
|2018-05-20 08:31:32|~testing~| Harold#8105: agit
|2018-05-20 08:32:14|~testing~| Kcinnad#0582: !clear 25
|2018-05-20 08:32:30|~testing~| Gaspésie-Bot#7270: ** 25** messages deleted
|2018-05-20 08:32:31|~testing~| Harold#8105: $git
|2018-05-20 08:32:37|~testing~| Harold#8105: agit
|2018-05-20 08:32:37|~testing~| Dindon-Bot#5257: https://github.com/tibagel/DiscordBot
|2018-05-20 08:33:09|~testing~| Harold#8105: aprefix $
|2018-05-20 08:33:17|~testing~| Harold#8105: agit
|2018-05-20 08:33:17|~testing~| Dindon-Bot#5257: https://github.com/tibagel/DiscordBot
|2018-05-20 08:39:10|~testing~| Kcinnad#0582: asd
|2018-05-20 08:39:45|~testing~| Kcinnad#0582: asd
|2018-05-20 09:03:54|~testing~| Harold#8105: $git
|2018-05-20 09:03:54|~testing~| Dindon-Bot#5257: https://github.com/tibagel/DiscordBot
|2018-05-20 09:04:21|~testing~| Harold#8105: $prefix ?
|2018-05-20 09:04:25|~testing~| Harold#8105: ?git
|2018-05-20 09:04:30|~testing~| Harold#8105: $sgit
|2018-05-20 09:06:01|~testing~| Harold#8105: $prefix !
|2018-05-20 09:06:35|~testing~| Harold#8105: $git
|2018-05-20 09:06:36|~testing~| Dindon-Bot#5257: https://github.com/tibagel/DiscordBot
|2018-05-20 09:09:47|~testing~| Kcinnad#0582: !clear 1
|2018-05-20 09:09:48|~testing~| Gaspésie-Bot#7270: ** 1** messages deleted
|2018-05-20 09:09:57|~testing~| Kcinnad#0582: !clear 5
|2018-05-20 09:10:00|~testing~| Gaspésie-Bot#7270: ** 5** messages deleted
|2018-05-20 09:22:48|~testing~| Harold#8105: !prefix $
|2018-05-20 09:45:46|~testing~| Harold#8105: $prefix !
|2018-05-20 09:56:52|~testing~| Harold#8105: $got
|2018-05-20 09:56:58|~testing~| Harold#8105: $git
|2018-05-20 09:57:01|~testing~| Harold#8105: !git
|2018-05-20 09:57:01|~testing~| Dindon-Bot#5257: https://github.com/tibagel/DiscordBot
|2018-05-20 09:57:05|~testing~| Harold#8105: !prefix $
|2018-05-20 09:57:25|~testing~| Harold#8105: !git
|2018-05-20 09:57:26|~testing~| Dindon-Bot#5257: https://github.com/tibagel/DiscordBot
|2018-05-20 09:57:30|~testing~| Harold#8105: $git
|2018-05-20 09:57:33|~testing~| Harold#8105: !git
|2018-05-20 09:57:33|~testing~| Dindon-Bot#5257: https://github.com/tibagel/DiscordBot
|2018-05-20 09:57:39|~testing~| Kcinnad#0582: bgit
|2018-05-20 09:57:42|~testing~| Kcinnad#0582: !git
|2018-05-20 09:57:42|~testing~| Gaspésie-Bot#7270: Tiens <@!260903890881347584> https://github.com/kcinnad
|2018-05-20 09:57:42|~testing~| Dindon-Bot#5257: https://github.com/tibagel/DiscordBot
|2018-05-20 09:57:55|~testing~| Kcinnad#0582: bgit
|2018-05-20 09:57:58|~testing~| Kcinnad#0582: !git
|2018-05-20 09:57:58|~testing~| Gaspésie-Bot#7270: Tiens <@!260903890881347584> https://github.com/kcinnad
|2018-05-20 09:57:58|~testing~| Dindon-Bot#5257: https://github.com/tibagel/DiscordBot
|2018-05-20 20:47:32|~testing~| Harold#8105: $git
|2018-05-20 20:47:32|~testing~| Dindon-Bot#5257: 
|2018-05-20 20:49:19|~testing~| Harold#8105: $git
|2018-05-20 20:49:20|~testing~| Dindon-Bot#5257: 
|2018-05-20 21:03:39|~testing~| Harold#8105: $git
|2018-05-20 21:03:39|~testing~| Dindon-Bot#5257: 
|2018-05-20 21:04:16|~testing~| Harold#8105: $git
|2018-05-20 21:04:16|~testing~| Dindon-Bot#5257: 
|2018-05-20 21:09:03|~testing~| Harold#8105: $git
|2018-05-20 21:10:01|~testing~| Harold#8105: $git
|2018-05-20 21:12:04|~testing~| Harold#8105: $git
|2018-05-20 21:12:04|~testing~| Dindon-Bot#5257: 
|2018-05-20 21:51:46|~testing~| Harold#8105: $clear 5
|2018-05-20 21:52:58|~testing~| Harold#8105: $clear 5
|2018-05-20 21:54:51|~testing~| Harold#8105: $clear 1
|2018-05-20 21:55:57|~testing~| Harold#8105: $clear
|2018-05-20 21:56:36|~testing~| Harold#8105: $clear
|2018-05-20 21:56:36|~testing~| Dindon-Bot#5257: 2 messages were deleted.
|2018-05-20 21:57:43|~testing~| Harold#8105: $clear 100
|2018-05-20 21:57:43|~testing~| Dindon-Bot#5257: 100 messages were deleted.
|2018-05-20 21:59:42|~testing~| Harold#8105: $
|2018-05-20 21:59:51|~testing~| Harold#8105: $clear
|2018-05-20 21:59:52|~testing~| Dindon-Bot#5257: 2 messages were deleted.
|2018-05-20 22:01:33|~testing~| Harold#8105: $clear
|2018-05-20 22:01:33|~testing~| Dindon-Bot#5257: 2 messages were deleted.
|2018-05-20 22:02:19|~testing~| Harold#8105: $clear
|2018-05-20 22:02:23|~testing~| Dindon-Bot#5257: 2 messages were deleted.
|2018-05-20 22:04:24|~testing~| Harold#8105: $clear 800
|2018-05-20 22:04:32|~testing~| Harold#8105: $clear 100
|2018-05-20 22:04:33|~testing~| Dindon-Bot#5257: 100 messages were deleted.
|2018-05-20 22:05:02|~testing~| Harold#8105: $clear 100
|2018-05-20 22:05:02|~testing~| Dindon-Bot#5257: 100 messages were deleted.
|2018-05-20 22:05:07|~testing~| Harold#8105: $clear 100
|2018-05-20 22:05:15|~testing~| Harold#8105: $clear 100
|2018-05-20 22:06:36|~testing~| Harold#8105: $git
|2018-05-20 22:06:36|~testing~| Dindon-Bot#5257: 
|2018-05-20 22:08:30|~general~| Harold#8105: $clear 50
|2018-05-20 22:08:30|~general~| Dindon-Bot#5257: 50 messages were deleted.
|2018-05-20 22:25:09|~testing~| Kcinnad#0582: Beautiful embed xD
|2018-05-20 22:25:28|~testing~| Harold#8105: xD
|2018-05-20 22:32:10|~general~| Harold#8105: $git
|2018-05-20 22:32:11|~general~| Dindon-Bot#5257: 
|2018-05-20 22:32:34|~general~| Kcinnad#0582: Jamais
|2018-05-20 22:32:38|~general~| Kcinnad#0582: Nunca
|2018-05-20 22:32:40|~general~| Kcinnad#0582: Never
|2018-05-21 00:33:06|~testing~| Harold#8105: dcd 
|2018-05-21 00:37:37|~testing~| Harold#8105: bruh 
|2018-05-21 13:37:34|~testing~| Harold#8105: babo 
|2018-05-21 13:37:54|~testing~| Harold#8105: $git 
|2018-05-21 13:37:54|~testing~| Dindon-Bot#5257:  
|2018-05-21 13:38:43|~testing~| Harold#8105: orale 
|2018-05-21 13:38:46|~testing~| Harold#8105: pues 
|2018-05-21 13:56:06|~testing~| Harold#8105: $clear 100 
|2018-05-21 13:56:22|~testing~| Harold#8105: $clear 10 
|2018-05-21 13:56:22|~testing~| Dindon-Bot#5257: 10 messages were deleted. 
|2018-05-21 13:57:17|~testing~| Harold#8105: $clear 5 
|2018-05-21 13:57:17|~testing~| Dindon-Bot#5257: 5 messages were deleted. 
|2018-05-21 14:00:51|~testing~| Harold#8105: $clear 5 
|2018-05-21 14:00:51|~testing~| Dindon-Bot#5257: 5 messages were deleted. 
|2018-05-21 14:02:34|~testing~| Harold#8105: $clear 2 
|2018-05-21 14:09:32|~testing~| Harold#8105: $clear 3 
|2018-05-21 14:10:41|~testing~| Harold#8105: $clear 3 
|2018-05-21 14:11:47|~testing~| Harold#8105: $clear 5 
|2018-05-21 14:11:47|~testing~| Dindon-Bot#5257: 5 messages were deleted. 
|2018-05-21 14:12:01|~testing~| Harold#8105: $clear 10 
|2018-05-21 14:12:02|~testing~| Dindon-Bot#5257: 10 messages were deleted. 
|2018-05-21 14:37:32|~testing~| Harold#8105: $clear 5 
|2018-05-21 14:39:04|~testing~| Harold#8105: $clear 
|2018-05-21 14:39:05|~testing~| Dindon-Bot#5257: 2 messages were deleted. 
|2018-05-21 14:39:10|~testing~| Harold#8105: $clear 20 
|2018-05-21 14:40:39|~testing~| Harold#8105: $clear 2 
|2018-05-21 14:40:39|~testing~| Dindon-Bot#5257: 2 messages were deleted. 
|2018-05-21 14:40:54|~testing~| Harold#8105: $clear 5 
|2018-05-21 14:40:54|~testing~| Dindon-Bot#5257: 5 messages were deleted. 
|2018-05-21 15:19:45|~testing~| Kcinnad#0582: oihfdsfgppppppppppph 
|2018-05-21 15:19:49|~testing~| Kcinnad#0582: HI HA HI HA HO 
|2018-05-21 15:20:41|~testing~| Harold#8105: NIAOW 
|2018-05-21 15:20:47|~testing~| Harold#8105: CHINA #1 
|2018-05-22 19:13:03|~testing~| Harold#8105: $clear 5 
|2018-05-22 19:13:03|~testing~| Dindon-Bot#5257: 5 messages were deleted. 
|2018-05-22 19:14:08|~testing~| Harold#8105: $changegame je pus 
|2018-05-22 19:16:39|~general~| Harold#8105: $clear 10 
|2018-05-22 19:16:39|~general~| Dindon-Bot#5257: 10 messages were deleted. 
|2018-05-22 19:16:50|~general~| Harold#8105: $clear 100 
|2018-05-22 19:16:50|~general~| Dindon-Bot#5257: 100 messages were deleted. 
|2018-05-22 23:13:58|~general~| Harold#8105: $clear 2 
|2018-05-22 23:13:59|~general~| Dindon-Bot#5257: 2 messages were deleted. 
|2018-05-22 23:14:45|~wathever~| Harold#8105: $clear 6 
|2018-05-22 23:15:14|~admins~| Harold#8105: $clear 
|2018-05-22 23:15:14|~admins~| Dindon-Bot#5257: 2 messages were deleted. 
|2018-05-22 23:15:25|~admins~| Harold#8105: $clear 10 
|2018-05-22 23:15:25|~admins~| Dindon-Bot#5257: 10 messages were deleted. 
|2018-05-22 23:15:56|~testing~| Harold#8105: $clear 
|2018-05-22 23:15:57|~testing~| Dindon-Bot#5257: 2 messages were deleted. 
|2018-05-22 23:16:04|~testing~| Harold#8105: $clear 
|2018-05-22 23:16:04|~testing~| Dindon-Bot#5257: 2 messages were deleted. 
|2018-05-22 23:18:25|~testing~| Kcinnad#0582: !clear 5 
|2018-05-22 23:18:36|~general~| Kcinnad#0582: !clear 5 
|2018-05-22 23:18:46|~general~| Jake' Jedusor#8626:  
|2018-05-22 23:18:48|~general~| Kcinnad#0582: !clear 2 
|2018-05-22 23:19:36|~general~| Kcinnad#0582: !clear 2 
|2018-05-22 23:19:44|~general~| Harold#8105: $clear 10 
|2018-05-22 23:19:45|~general~| Dindon-Bot#5257: 10 messages were deleted. 
|2018-05-22 23:25:54|~wathever~| Kcinnad#0582: !clear 2 
|2018-05-22 23:26:13|~general~| Kcinnad#0582: !clear 4 
|2018-05-22 23:27:57|~general~| Kcinnad#0582: !clear 3 
|2018-05-22 23:28:22|~general~| Kcinnad#0582: !clear 4 
|2018-05-22 23:32:55|~general~| Kcinnad#0582: !clear 4 
|2018-05-22 23:32:56|~general~| Gaspésie-Bot#7270: ** 4** messages deleted 
|2018-05-22 23:33:26|~general~| Kcinnad#0582: !clear 2 
|2018-05-22 23:33:50|~general~| Kcinnad#0582: !clear 2 
|2018-05-22 23:33:50|~general~| Gaspésie-Bot#7270: ** 2** messages deleted 
|2018-05-22 23:33:55|~general~| Kcinnad#0582: !clear 4 
|2018-05-22 23:33:56|~general~| Gaspésie-Bot#7270: ** 4** messages deleted 
|2018-05-22 23:34:06|~general~| Kcinnad#0582: !clear 20 
|2018-05-22 23:34:06|~general~| Gaspésie-Bot#7270: ** 20** messages deleted 
